{"/Users/apple/Documents/TestAppAsteroid/AsteroidTestApp/app/screens/AsteroidDashboard/AsteroidDashboard.tsx": {"path":"/Users/apple/Documents/TestAppAsteroid/AsteroidTestApp/app/screens/AsteroidDashboard/AsteroidDashboard.tsx","statementMap":{"0":{"start":{"line":25,"column":8},"end":{"line":25,"column":21}},"1":{"start":{"line":26,"column":8},"end":{"line":31,"column":9}},"2":{"start":{"line":34,"column":24},"end":{"line":36,"column":5}},"3":{"start":{"line":38,"column":27},"end":{"line":40,"column":5}},"4":{"start":{"line":42,"column":25},"end":{"line":58,"column":5}},"5":{"start":{"line":43,"column":8},"end":{"line":43,"column":44}},"6":{"start":{"line":44,"column":8},"end":{"line":57,"column":9}},"7":{"start":{"line":45,"column":35},"end":{"line":45,"column":163}},"8":{"start":{"line":46,"column":36},"end":{"line":46,"column":65}},"9":{"start":{"line":47,"column":12},"end":{"line":54,"column":14}},"10":{"start":{"line":48,"column":16},"end":{"line":51,"column":17}},"11":{"start":{"line":49,"column":20},"end":{"line":49,"column":78}},"12":{"start":{"line":50,"column":20},"end":{"line":50,"column":27}},"13":{"start":{"line":52,"column":16},"end":{"line":52,"column":110}},"14":{"start":{"line":53,"column":16},"end":{"line":53,"column":212}},"15":{"start":{"line":56,"column":12},"end":{"line":56,"column":65}},"16":{"start":{"line":60,"column":31},"end":{"line":76,"column":5}},"17":{"start":{"line":61,"column":8},"end":{"line":61,"column":44}},"18":{"start":{"line":62,"column":8},"end":{"line":75,"column":9}},"19":{"start":{"line":63,"column":35},"end":{"line":63,"column":142}},"20":{"start":{"line":64,"column":36},"end":{"line":64,"column":65}},"21":{"start":{"line":65,"column":12},"end":{"line":72,"column":14}},"22":{"start":{"line":66,"column":16},"end":{"line":69,"column":17}},"23":{"start":{"line":67,"column":20},"end":{"line":67,"column":78}},"24":{"start":{"line":68,"column":20},"end":{"line":68,"column":27}},"25":{"start":{"line":70,"column":16},"end":{"line":70,"column":106}},"26":{"start":{"line":71,"column":16},"end":{"line":71,"column":120}},"27":{"start":{"line":74,"column":12},"end":{"line":74,"column":65}},"28":{"start":{"line":78,"column":19},"end":{"line":84,"column":5}},"29":{"start":{"line":79,"column":8},"end":{"line":83,"column":9}},"30":{"start":{"line":87,"column":33},"end":{"line":87,"column":77}},"31":{"start":{"line":88,"column":8},"end":{"line":112,"column":10}},"32":{"start":{"line":99,"column":53},"end":{"line":99,"column":92}},"33":{"start":{"line":102,"column":57},"end":{"line":102,"column":82}},"34":{"start":{"line":105,"column":57},"end":{"line":105,"column":88}}},"fnMap":{"0":{"name":"(anonymous_0)","decl":{"start":{"line":24,"column":4},"end":{"line":24,"column":5}},"loc":{"start":{"line":24,"column":30},"end":{"line":32,"column":5}},"line":24},"1":{"name":"(anonymous_1)","decl":{"start":{"line":34,"column":24},"end":{"line":34,"column":25}},"loc":{"start":{"line":34,"column":30},"end":{"line":36,"column":5}},"line":34},"2":{"name":"(anonymous_2)","decl":{"start":{"line":38,"column":27},"end":{"line":38,"column":28}},"loc":{"start":{"line":38,"column":33},"end":{"line":40,"column":5}},"line":38},"3":{"name":"(anonymous_3)","decl":{"start":{"line":42,"column":25},"end":{"line":42,"column":26}},"loc":{"start":{"line":42,"column":37},"end":{"line":58,"column":5}},"line":42},"4":{"name":"(anonymous_4)","decl":{"start":{"line":47,"column":77},"end":{"line":47,"column":78}},"loc":{"start":{"line":47,"column":83},"end":{"line":54,"column":13}},"line":47},"5":{"name":"(anonymous_5)","decl":{"start":{"line":60,"column":31},"end":{"line":60,"column":32}},"loc":{"start":{"line":60,"column":43},"end":{"line":76,"column":5}},"line":60},"6":{"name":"(anonymous_6)","decl":{"start":{"line":65,"column":100},"end":{"line":65,"column":101}},"loc":{"start":{"line":65,"column":106},"end":{"line":72,"column":13}},"line":65},"7":{"name":"(anonymous_7)","decl":{"start":{"line":78,"column":19},"end":{"line":78,"column":20}},"loc":{"start":{"line":78,"column":25},"end":{"line":84,"column":5}},"line":78},"8":{"name":"(anonymous_8)","decl":{"start":{"line":86,"column":4},"end":{"line":86,"column":5}},"loc":{"start":{"line":86,"column":13},"end":{"line":113,"column":5}},"line":86},"9":{"name":"(anonymous_9)","decl":{"start":{"line":99,"column":42},"end":{"line":99,"column":43}},"loc":{"start":{"line":99,"column":53},"end":{"line":99,"column":92}},"line":99},"10":{"name":"(anonymous_10)","decl":{"start":{"line":102,"column":51},"end":{"line":102,"column":52}},"loc":{"start":{"line":102,"column":57},"end":{"line":102,"column":82}},"line":102},"11":{"name":"(anonymous_11)","decl":{"start":{"line":105,"column":51},"end":{"line":105,"column":52}},"loc":{"start":{"line":105,"column":57},"end":{"line":105,"column":88}},"line":105}},"branchMap":{"0":{"loc":{"start":{"line":48,"column":16},"end":{"line":51,"column":17}},"type":"if","locations":[{"start":{"line":48,"column":16},"end":{"line":51,"column":17}},{"start":{},"end":{}}],"line":48},"1":{"loc":{"start":{"line":66,"column":16},"end":{"line":69,"column":17}},"type":"if","locations":[{"start":{"line":66,"column":16},"end":{"line":69,"column":17}},{"start":{},"end":{}}],"line":66},"2":{"loc":{"start":{"line":102,"column":193},"end":{"line":102,"column":233}},"type":"cond-expr","locations":[{"start":{"line":102,"column":212},"end":{"line":102,"column":221}},{"start":{"line":102,"column":224},"end":{"line":102,"column":233}}],"line":102},"3":{"loc":{"start":{"line":110,"column":17},"end":{"line":110,"column":61}},"type":"binary-expr","locations":[{"start":{"line":110,"column":17},"end":{"line":110,"column":38}},{"start":{"line":110,"column":42},"end":{"line":110,"column":61}}],"line":110}},"s":{"0":1,"1":1,"2":1,"3":1,"4":1,"5":1,"6":1,"7":1,"8":0,"9":0,"10":0,"11":0,"12":0,"13":0,"14":0,"15":1,"16":1,"17":1,"18":1,"19":1,"20":0,"21":0,"22":0,"23":0,"24":0,"25":0,"26":0,"27":1,"28":1,"29":2,"30":4,"31":4,"32":1,"33":1,"34":1},"f":{"0":1,"1":1,"2":1,"3":1,"4":0,"5":1,"6":0,"7":2,"8":4,"9":1,"10":1,"11":1},"b":{"0":[0,0],"1":[0,0],"2":[1,3],"3":[4,2]},"_coverageSchema":"1a1c01bbd47fc00a2c39e90264f33305004495a9","hash":"a666a5a3cbd371261d7ef127aab862b5b8ea5345"}
,"/Users/apple/Documents/TestAppAsteroid/AsteroidTestApp/app/screens/AsteroidDashboard/AsteroidDashboardStyle.ts": {"path":"/Users/apple/Documents/TestAppAsteroid/AsteroidTestApp/app/screens/AsteroidDashboard/AsteroidDashboardStyle.ts","statementMap":{},"fnMap":{},"branchMap":{},"s":{},"f":{},"b":{},"_coverageSchema":"1a1c01bbd47fc00a2c39e90264f33305004495a9","hash":"b6ba7e3bc2dcb30ef508e7d6d6631f5b0224fd35"}
,"/Users/apple/Documents/TestAppAsteroid/AsteroidTestApp/app/screens/AsteroidDataList/AsteroidDataList.tsx": {"path":"/Users/apple/Documents/TestAppAsteroid/AsteroidTestApp/app/screens/AsteroidDataList/AsteroidDataList.tsx","statementMap":{"0":{"start":{"line":23,"column":8},"end":{"line":23,"column":21}},"1":{"start":{"line":24,"column":8},"end":{"line":27,"column":9}},"2":{"start":{"line":30,"column":24},"end":{"line":32,"column":5}},"3":{"start":{"line":31,"column":8},"end":{"line":31,"column":102}},"4":{"start":{"line":34,"column":27},"end":{"line":36,"column":5}},"5":{"start":{"line":39,"column":78},"end":{"line":39,"column":101}},"6":{"start":{"line":40,"column":8},"end":{"line":48,"column":10}}},"fnMap":{"0":{"name":"(anonymous_0)","decl":{"start":{"line":22,"column":4},"end":{"line":22,"column":5}},"loc":{"start":{"line":22,"column":30},"end":{"line":28,"column":5}},"line":22},"1":{"name":"(anonymous_1)","decl":{"start":{"line":30,"column":24},"end":{"line":30,"column":25}},"loc":{"start":{"line":30,"column":30},"end":{"line":32,"column":5}},"line":30},"2":{"name":"(anonymous_2)","decl":{"start":{"line":34,"column":27},"end":{"line":34,"column":28}},"loc":{"start":{"line":34,"column":33},"end":{"line":36,"column":5}},"line":34},"3":{"name":"(anonymous_3)","decl":{"start":{"line":38,"column":4},"end":{"line":38,"column":5}},"loc":{"start":{"line":38,"column":13},"end":{"line":49,"column":5}},"line":38}},"branchMap":{},"s":{"0":1,"1":1,"2":1,"3":1,"4":1,"5":1,"6":1},"f":{"0":1,"1":1,"2":1,"3":1},"b":{},"_coverageSchema":"1a1c01bbd47fc00a2c39e90264f33305004495a9","hash":"e36407db6e4dfee4c8a1c96cef954dc497cc1996"}
,"/Users/apple/Documents/TestAppAsteroid/AsteroidTestApp/app/screens/AsteroidDataList/AsteroidDataListStyle.ts": {"path":"/Users/apple/Documents/TestAppAsteroid/AsteroidTestApp/app/screens/AsteroidDataList/AsteroidDataListStyle.ts","statementMap":{},"fnMap":{},"branchMap":{},"s":{},"f":{},"b":{},"_coverageSchema":"1a1c01bbd47fc00a2c39e90264f33305004495a9","hash":"0fbd577bae911e41f5820151e8205c8363b060bf"}
,"/Users/apple/Documents/TestAppAsteroid/AsteroidTestApp/app/screens/AsteroidDetailScreen/AsteroidDetailScreen.tsx": {"path":"/Users/apple/Documents/TestAppAsteroid/AsteroidTestApp/app/screens/AsteroidDetailScreen/AsteroidDetailScreen.tsx","statementMap":{"0":{"start":{"line":21,"column":8},"end":{"line":21,"column":21}},"1":{"start":{"line":22,"column":8},"end":{"line":23,"column":9}},"2":{"start":{"line":26,"column":24},"end":{"line":27,"column":5}},"3":{"start":{"line":29,"column":27},"end":{"line":31,"column":5}},"4":{"start":{"line":34,"column":78},"end":{"line":34,"column":116}},"5":{"start":{"line":35,"column":8},"end":{"line":43,"column":10}}},"fnMap":{"0":{"name":"(anonymous_0)","decl":{"start":{"line":20,"column":4},"end":{"line":20,"column":5}},"loc":{"start":{"line":20,"column":30},"end":{"line":24,"column":5}},"line":20},"1":{"name":"(anonymous_1)","decl":{"start":{"line":26,"column":24},"end":{"line":26,"column":25}},"loc":{"start":{"line":26,"column":30},"end":{"line":27,"column":5}},"line":26},"2":{"name":"(anonymous_2)","decl":{"start":{"line":29,"column":27},"end":{"line":29,"column":28}},"loc":{"start":{"line":29,"column":33},"end":{"line":31,"column":5}},"line":29},"3":{"name":"(anonymous_3)","decl":{"start":{"line":33,"column":4},"end":{"line":33,"column":5}},"loc":{"start":{"line":33,"column":13},"end":{"line":44,"column":5}},"line":33}},"branchMap":{},"s":{"0":1,"1":1,"2":1,"3":1,"4":1,"5":1},"f":{"0":1,"1":1,"2":1,"3":1},"b":{},"_coverageSchema":"1a1c01bbd47fc00a2c39e90264f33305004495a9","hash":"a2190dca97977c5b59809a69f16645a8acca3a05"}
,"/Users/apple/Documents/TestAppAsteroid/AsteroidTestApp/app/screens/AsteroidDetailScreen/AsteroidDetailScreenStyle.ts": {"path":"/Users/apple/Documents/TestAppAsteroid/AsteroidTestApp/app/screens/AsteroidDetailScreen/AsteroidDetailScreenStyle.ts","statementMap":{},"fnMap":{},"branchMap":{},"s":{},"f":{},"b":{},"_coverageSchema":"1a1c01bbd47fc00a2c39e90264f33305004495a9","hash":"2fb964c539cd1d31b3bd1db0680117a762ca60f5"}
,"/Users/apple/Documents/TestAppAsteroid/AsteroidTestApp/app/screens/AsteroidListScreen/AsteroidListScreen.tsx": {"path":"/Users/apple/Documents/TestAppAsteroid/AsteroidTestApp/app/screens/AsteroidListScreen/AsteroidListScreen.tsx","statementMap":{"0":{"start":{"line":23,"column":8},"end":{"line":23,"column":21}},"1":{"start":{"line":24,"column":8},"end":{"line":27,"column":9}},"2":{"start":{"line":30,"column":24},"end":{"line":32,"column":5}},"3":{"start":{"line":31,"column":8},"end":{"line":31,"column":102}},"4":{"start":{"line":34,"column":27},"end":{"line":36,"column":5}},"5":{"start":{"line":38,"column":25},"end":{"line":46,"column":5}},"6":{"start":{"line":39,"column":8},"end":{"line":45,"column":9}},"7":{"start":{"line":40,"column":45},"end":{"line":40,"column":125}},"8":{"start":{"line":49,"column":8},"end":{"line":58,"column":10}},"9":{"start":{"line":53,"column":53},"end":{"line":53,"column":89}},"10":{"start":{"line":54,"column":44},"end":{"line":54,"column":51}}},"fnMap":{"0":{"name":"(anonymous_0)","decl":{"start":{"line":22,"column":4},"end":{"line":22,"column":5}},"loc":{"start":{"line":22,"column":30},"end":{"line":28,"column":5}},"line":22},"1":{"name":"(anonymous_1)","decl":{"start":{"line":30,"column":24},"end":{"line":30,"column":25}},"loc":{"start":{"line":30,"column":30},"end":{"line":32,"column":5}},"line":30},"2":{"name":"(anonymous_2)","decl":{"start":{"line":34,"column":27},"end":{"line":34,"column":28}},"loc":{"start":{"line":34,"column":33},"end":{"line":36,"column":5}},"line":34},"3":{"name":"(anonymous_3)","decl":{"start":{"line":38,"column":25},"end":{"line":38,"column":26}},"loc":{"start":{"line":38,"column":52},"end":{"line":46,"column":5}},"line":38},"4":{"name":"(anonymous_4)","decl":{"start":{"line":40,"column":39},"end":{"line":40,"column":40}},"loc":{"start":{"line":40,"column":45},"end":{"line":40,"column":125}},"line":40},"5":{"name":"(anonymous_5)","decl":{"start":{"line":48,"column":4},"end":{"line":48,"column":5}},"loc":{"start":{"line":48,"column":13},"end":{"line":59,"column":5}},"line":48},"6":{"name":"(anonymous_6)","decl":{"start":{"line":53,"column":32},"end":{"line":53,"column":33}},"loc":{"start":{"line":53,"column":53},"end":{"line":53,"column":89}},"line":53},"7":{"name":"(anonymous_7)","decl":{"start":{"line":54,"column":34},"end":{"line":54,"column":35}},"loc":{"start":{"line":54,"column":44},"end":{"line":54,"column":51}},"line":54}},"branchMap":{},"s":{"0":1,"1":1,"2":1,"3":1,"4":1,"5":1,"6":0,"7":0,"8":1,"9":0,"10":0},"f":{"0":1,"1":1,"2":1,"3":0,"4":0,"5":1,"6":0,"7":0},"b":{},"_coverageSchema":"1a1c01bbd47fc00a2c39e90264f33305004495a9","hash":"881d72a1f37f5fdb876cd5a8be500b6e7a2a02fc"}
,"/Users/apple/Documents/TestAppAsteroid/AsteroidTestApp/app/screens/AsteroidListScreen/AsteroidListScreenStyle.ts": {"path":"/Users/apple/Documents/TestAppAsteroid/AsteroidTestApp/app/screens/AsteroidListScreen/AsteroidListScreenStyle.ts","statementMap":{},"fnMap":{},"branchMap":{},"s":{},"f":{},"b":{},"_coverageSchema":"1a1c01bbd47fc00a2c39e90264f33305004495a9","hash":"69b23c12f7a38dbc008f22cf190c555c55051bc2"}
}
